<?xml version="1.0" encoding="UTF-8"?>
<!-- Generated by org.testng.reporters.JUnitReportReporter -->
<testsuite skipped="0" hostname="DESKTOP-2I4JJT1" name="com.training.sanity.tests.LoginTests" tests="1" failures="0" timestamp="2020-02-19T16:46:28 IST" time="53.219" errors="0">
  <testcase name="validLoginTest" time="53.219" classname="com.training.sanity.tests.LoginTests"/>
</testsuite> <!-- com.training.sanity.tests.LoginTests -->
